2025-12-12 08:40:20 [restartedMain] INFO  com.nix.BookSocialApplication [user:] - Starting BookSocialApplication using Java 17.0.12 with PID 7420 (C:\Users\LENOVO\Documents\workspace-spring-tool-suite-4-4.22.1.RELEASE\book-social - Copy\target\classes started by LENOVO in C:\Users\LENOVO\Documents\workspace-spring-tool-suite-4-4.22.1.RELEASE\book-social - Copy)
2025-12-12 08:40:20 [restartedMain] INFO  com.nix.BookSocialApplication [user:] - No active profile set, falling back to 1 default profile: "default"
2025-12-12 08:40:20 [restartedMain] INFO  o.s.b.d.restart.ChangeableUrls [user:] - The Class-Path manifest attribute in C:\Users\LENOVO\.m2\repository\io\github\cdimascio\java-dotenv\5.2.2\java-dotenv-5.2.2.jar referenced one or more files that do not exist: file:/C:/Users/LENOVO/.m2/repository/io/github/cdimascio/java-dotenv/5.2.2/kotlin-stdlib-1.4.0.jar,file:/C:/Users/LENOVO/.m2/repository/io/github/cdimascio/java-dotenv/5.2.2/kotlin-stdlib-common-1.4.0.jar,file:/C:/Users/LENOVO/.m2/repository/io/github/cdimascio/java-dotenv/5.2.2/annotations-13.0.jar
2025-12-12 08:40:20 [restartedMain] INFO  o.s.b.d.e.DevToolsPropertyDefaultsPostProcessor [user:] - Devtools property defaults active! Set 'spring.devtools.add-properties' to 'false' to disable
2025-12-12 08:40:20 [restartedMain] INFO  o.s.b.d.e.DevToolsPropertyDefaultsPostProcessor [user:] - For additional web related logging consider setting the 'logging.level.web' property to 'DEBUG'
2025-12-12 08:40:22 [restartedMain] INFO  o.s.d.r.c.RepositoryConfigurationDelegate [user:] - Bootstrapping Spring Data JPA repositories in DEFAULT mode.
2025-12-12 08:40:22 [restartedMain] INFO  o.s.d.r.c.RepositoryConfigurationDelegate [user:] - Finished Spring Data repository scanning in 157 ms. Found 27 JPA repository interfaces.
2025-12-12 08:40:23 [restartedMain] INFO  o.s.b.w.e.tomcat.TomcatWebServer [user:] - Tomcat initialized with port 8181 (http)
2025-12-12 08:40:23 [restartedMain] INFO  o.a.catalina.core.StandardService [user:] - Starting service [Tomcat]
2025-12-12 08:40:23 [restartedMain] INFO  o.a.catalina.core.StandardEngine [user:] - Starting Servlet engine: [Apache Tomcat/10.1.42]
2025-12-12 08:40:23 [restartedMain] INFO  o.a.c.c.C.[Tomcat].[localhost].[/] [user:] - Initializing Spring embedded WebApplicationContext
2025-12-12 08:40:23 [restartedMain] INFO  o.s.b.w.s.c.ServletWebServerApplicationContext [user:] - Root WebApplicationContext: initialization completed in 2536 ms
2025-12-12 08:40:23 [restartedMain] INFO  o.h.jpa.internal.util.LogHelper [user:] - HHH000204: Processing PersistenceUnitInfo [name: default]
2025-12-12 08:40:23 [restartedMain] INFO  org.hibernate.Version [user:] - HHH000412: Hibernate ORM core version 6.5.3.Final
2025-12-12 08:40:23 [restartedMain] INFO  o.h.c.i.RegionFactoryInitiator [user:] - HHH000026: Second-level cache disabled
2025-12-12 08:40:23 [restartedMain] INFO  o.s.o.j.p.SpringPersistenceUnitInfo [user:] - No LoadTimeWeaver setup: ignoring JPA class transformer
2025-12-12 08:40:23 [restartedMain] INFO  com.zaxxer.hikari.HikariDataSource [user:] - HikariPool-1 - Starting...
2025-12-12 08:40:24 [restartedMain] INFO  com.zaxxer.hikari.pool.HikariPool [user:] - HikariPool-1 - Added connection com.mysql.cj.jdbc.ConnectionImpl@12785709
2025-12-12 08:40:24 [restartedMain] INFO  com.zaxxer.hikari.HikariDataSource [user:] - HikariPool-1 - Start completed.
2025-12-12 08:40:24 [restartedMain] WARN  org.hibernate.orm.deprecation [user:] - HHH90000025: MySQL8Dialect does not need to be specified explicitly using 'hibernate.dialect' (remove the property setting and it will be selected by default)
2025-12-12 08:40:24 [restartedMain] WARN  org.hibernate.orm.deprecation [user:] - HHH90000026: MySQL8Dialect has been deprecated; use org.hibernate.dialect.MySQLDialect instead
2025-12-12 08:40:25 [restartedMain] INFO  o.h.e.t.j.p.i.JtaPlatformInitiator [user:] - HHH000489: No JTA platform available (set 'hibernate.transaction.jta.platform' to enable JTA platform integration)
2025-12-12 08:40:26 [restartedMain] INFO  o.s.o.j.LocalContainerEntityManagerFactoryBean [user:] - Initialized JPA EntityManagerFactory for persistence unit 'default'
2025-12-12 08:40:26 [restartedMain] INFO  o.s.d.j.r.query.QueryEnhancerFactory [user:] - Hibernate is in classpath; If applicable, HQL parser will be used.
2025-12-12 08:40:27 [restartedMain] DEBUG com.nix.config.JwtValidator [user:] - Filter 'jwtValidator' configured for use
2025-12-12 08:40:28 [restartedMain] WARN  o.s.b.a.o.j.JpaBaseConfiguration$JpaWebConfiguration [user:] - spring.jpa.open-in-view is enabled by default. Therefore, database queries may be performed during view rendering. Explicitly configure spring.jpa.open-in-view to disable this warning
2025-12-12 08:40:28 [restartedMain] INFO  o.s.s.c.a.a.c.InitializeUserDetailsBeanManagerConfigurer$InitializeUserDetailsManagerConfigurer [user:] - Global AuthenticationManager configured with UserDetailsService bean with name userDetailsService
2025-12-12 08:40:29 [restartedMain] DEBUG o.s.w.s.s.s.WebSocketHandlerMapping [user:] - Patterns [/ws/**] in 'stompWebSocketHandlerMapping'
2025-12-12 08:40:29 [restartedMain] INFO  o.s.b.a.e.web.EndpointLinksResolver [user:] - Exposing 2 endpoints beneath base path '/actuator'
2025-12-12 08:40:29 [restartedMain] DEBUG o.s.w.s.m.WebSocketAnnotationMethodMessageHandler [user:] - 
	c.n.c.AdminController:
	
2025-12-12 08:40:29 [restartedMain] DEBUG o.s.w.s.m.WebSocketAnnotationMethodMessageHandler [user:] - 
	c.n.c.AuthController:
	
2025-12-12 08:40:29 [restartedMain] DEBUG o.s.w.s.m.WebSocketAnnotationMethodMessageHandler [user:] - 
	c.n.c.AuthorDashboardController:
	
2025-12-12 08:40:29 [restartedMain] DEBUG o.s.w.s.m.WebSocketAnnotationMethodMessageHandler [user:] - 
	c.n.c.BookController:
	
2025-12-12 08:40:29 [restartedMain] DEBUG o.s.w.s.m.WebSocketAnnotationMethodMessageHandler [user:] - 
	c.n.c.CategoryController:
	
2025-12-12 08:40:29 [restartedMain] DEBUG o.s.w.s.m.WebSocketAnnotationMethodMessageHandler [user:] - 
	c.n.c.ChapterController:
	
2025-12-12 08:40:29 [restartedMain] DEBUG o.s.w.s.m.WebSocketAnnotationMethodMessageHandler [user:] - 
	c.n.c.ChatController:
	{[MESSAGE],[/chat/{groupId}]}: sendToUser(MessageDTO,String)
2025-12-12 08:40:29 [restartedMain] DEBUG o.s.w.s.m.WebSocketAnnotationMethodMessageHandler [user:] - 
	c.n.c.CommentController:
	
2025-12-12 08:40:29 [restartedMain] DEBUG o.s.w.s.m.WebSocketAnnotationMethodMessageHandler [user:] - 
	c.n.c.CreditPackageController:
	
2025-12-12 08:40:29 [restartedMain] DEBUG o.s.w.s.m.WebSocketAnnotationMethodMessageHandler [user:] - 
	c.n.c.ImageController:
	
2025-12-12 08:40:29 [restartedMain] DEBUG o.s.w.s.m.WebSocketAnnotationMethodMessageHandler [user:] - 
	c.n.c.LogController:
	
2025-12-12 08:40:29 [restartedMain] DEBUG o.s.w.s.m.WebSocketAnnotationMethodMessageHandler [user:] - 
	c.n.c.NotificationController:
	
2025-12-12 08:40:29 [restartedMain] DEBUG o.s.w.s.m.WebSocketAnnotationMethodMessageHandler [user:] - 
	c.n.c.PaymentController:
	
2025-12-12 08:40:29 [restartedMain] DEBUG o.s.w.s.m.WebSocketAnnotationMethodMessageHandler [user:] - 
	c.n.c.PostController:
	
2025-12-12 08:40:29 [restartedMain] DEBUG o.s.w.s.m.WebSocketAnnotationMethodMessageHandler [user:] - 
	c.n.c.ProgressController:
	
2025-12-12 08:40:29 [restartedMain] DEBUG o.s.w.s.m.WebSocketAnnotationMethodMessageHandler [user:] - 
	c.n.c.PurchaseController:
	
2025-12-12 08:40:29 [restartedMain] DEBUG o.s.w.s.m.WebSocketAnnotationMethodMessageHandler [user:] - 
	c.n.c.RatingController:
	
2025-12-12 08:40:29 [restartedMain] DEBUG o.s.w.s.m.WebSocketAnnotationMethodMessageHandler [user:] - 
	c.n.c.ReportController:
	
2025-12-12 08:40:29 [restartedMain] DEBUG o.s.w.s.m.WebSocketAnnotationMethodMessageHandler [user:] - 
	c.n.c.RoleController:
	
2025-12-12 08:40:29 [restartedMain] DEBUG o.s.w.s.m.WebSocketAnnotationMethodMessageHandler [user:] - 
	c.n.c.SensitiveWordController:
	
2025-12-12 08:40:29 [restartedMain] DEBUG o.s.w.s.m.WebSocketAnnotationMethodMessageHandler [user:] - 
	c.n.c.TagController:
	
2025-12-12 08:40:29 [restartedMain] DEBUG o.s.w.s.m.WebSocketAnnotationMethodMessageHandler [user:] - 
	c.n.c.UserController:
	
2025-12-12 08:40:29 [restartedMain] DEBUG o.s.w.s.m.WebSocketAnnotationMethodMessageHandler [user:] - 
	o.s.b.a.w.s.e.BasicErrorController:
	
2025-12-12 08:40:29 [restartedMain] INFO  o.s.b.d.a.OptionalLiveReloadServer [user:] - LiveReload server is running on port 35729
2025-12-12 08:40:29 [restartedMain] INFO  o.s.b.w.e.tomcat.TomcatWebServer [user:] - Tomcat started on port 8181 (http) with context path '/'
2025-12-12 08:40:29 [restartedMain] DEBUG o.s.m.s.ExecutorSubscribableChannel [user:] - clientOutboundChannel added SubProtocolWebSocketHandler[StompSubProtocolHandler[v10.stomp, v11.stomp, v12.stomp]]
2025-12-12 08:40:29 [restartedMain] DEBUG o.s.m.s.ExecutorSubscribableChannel [user:] - clientInboundChannel added WebSocketAnnotationMethodMessageHandler[prefixes=[/app/]]
2025-12-12 08:40:29 [restartedMain] INFO  o.s.m.s.b.SimpleBrokerMessageHandler [user:] - Starting...
2025-12-12 08:40:29 [restartedMain] DEBUG o.s.m.s.ExecutorSubscribableChannel [user:] - clientInboundChannel added SimpleBrokerMessageHandler [org.springframework.messaging.simp.broker.DefaultSubscriptionRegistry@52e95553]
2025-12-12 08:40:29 [restartedMain] DEBUG o.s.m.s.ExecutorSubscribableChannel [user:] - brokerChannel added SimpleBrokerMessageHandler [org.springframework.messaging.simp.broker.DefaultSubscriptionRegistry@52e95553]
2025-12-12 08:40:29 [restartedMain] INFO  o.s.m.s.b.SimpleBrokerMessageHandler [user:] - BrokerAvailabilityEvent[available=true, SimpleBrokerMessageHandler [org.springframework.messaging.simp.broker.DefaultSubscriptionRegistry@52e95553]]
2025-12-12 08:40:29 [restartedMain] INFO  o.s.m.s.b.SimpleBrokerMessageHandler [user:] - Started.
2025-12-12 08:40:29 [restartedMain] DEBUG o.s.m.s.ExecutorSubscribableChannel [user:] - clientInboundChannel added UserDestinationMessageHandler[DefaultUserDestinationResolver[prefix=/user/]]
2025-12-12 08:40:29 [restartedMain] DEBUG o.s.m.s.ExecutorSubscribableChannel [user:] - brokerChannel added UserDestinationMessageHandler[DefaultUserDestinationResolver[prefix=/user/]]
2025-12-12 08:40:30 [restartedMain] INFO  com.nix.BookSocialApplication [user:] - Started BookSocialApplication in 10.066 seconds (process running for 10.532)
2025-12-12 08:41:29 [MessageBroker-1] INFO  o.s.w.s.c.WebSocketMessageBrokerStats [user:] - WebSocketSession[0 current WS(0)-HttpStream(0)-HttpPoll(0), 0 total, 0 closed abnormally (0 connect failure, 0 send limit, 0 transport error)], stompSubProtocol[processed CONNECT(0)-CONNECTED(0)-DISCONNECT(0)], stompBrokerRelay[null], inboundChannel[unknown], outboundChannel[unknown], sockJsScheduler[pool size = 1, active threads = 1, queued tasks = 0, completed tasks = 0]
2025-12-12 08:43:57 [http-nio-8181-exec-4] INFO  o.a.c.c.C.[Tomcat].[localhost].[/] [user:] - Initializing Spring DispatcherServlet 'dispatcherServlet'
2025-12-12 08:43:57 [http-nio-8181-exec-4] INFO  o.s.web.servlet.DispatcherServlet [user:] - Initializing Servlet 'dispatcherServlet'
2025-12-12 08:43:57 [http-nio-8181-exec-4] INFO  o.s.web.servlet.DispatcherServlet [user:] - Completed initialization in 2 ms
2025-12-12 08:43:57 [http-nio-8181-exec-2] DEBUG com.nix.config.JwtValidator [user:] - User with email: tanlmht859a@gmail.com has role: ADMIN (from database)
2025-12-12 08:43:57 [http-nio-8181-exec-9] DEBUG com.nix.config.JwtValidator [user:] - User with email: tanlmht859a@gmail.com has role: ADMIN (from database)
2025-12-12 08:43:57 [http-nio-8181-exec-10] DEBUG com.nix.config.JwtValidator [user:] - User with email: tanlmht859a@gmail.com has role: ADMIN (from database)
2025-12-12 08:43:57 [http-nio-8181-exec-4] DEBUG com.nix.config.JwtValidator [user:] - User with email: tanlmht859a@gmail.com has role: ADMIN (from database)
2025-12-12 08:43:57 [http-nio-8181-exec-3] DEBUG com.nix.config.JwtValidator [user:] - User with email: tanlmht859a@gmail.com has role: ADMIN (from database)
2025-12-12 08:43:57 [http-nio-8181-exec-8] DEBUG com.nix.config.JwtValidator [user:] - User with email: tanlmht859a@gmail.com has role: ADMIN (from database)
2025-12-12 08:43:57 [http-nio-8181-exec-3] INFO  com.nix.config.LoggingAspect [user:] - User=tanlmht859a@gmail.com accessed CategoryController.getAllCategories
2025-12-12 08:43:57 [http-nio-8181-exec-8] INFO  com.nix.config.LoggingAspect [user:] - User=tanlmht859a@gmail.com accessed TagController.getAllTags
2025-12-12 08:43:57 [http-nio-8181-exec-10] INFO  com.nix.config.LoggingAspect [user:] - User=tanlmht859a@gmail.com accessed BookController.getTop10BooksByLikes
2025-12-12 08:43:57 [http-nio-8181-exec-9] INFO  com.nix.config.LoggingAspect [user:] - User=tanlmht859a@gmail.com accessed UserController.getUserFromToken
2025-12-12 08:43:57 [http-nio-8181-exec-2] INFO  com.nix.config.LoggingAspect [user:] - User=tanlmht859a@gmail.com accessed BookController.getLatestUpdateBooks
2025-12-12 08:43:57 [http-nio-8181-exec-9] DEBUG com.nix.controller.UserController [user:] - Getting user profile from JWT token
2025-12-12 08:43:57 [http-nio-8181-exec-4] INFO  com.nix.config.LoggingAspect [user:] - User=tanlmht859a@gmail.com accessed BookController.getFeaturedBooks
2025-12-12 08:43:57 [http-nio-8181-exec-8] INFO  com.nix.config.LoggingAspect [user:] - User=tanlmht859a@gmail.com completed TagController.getAllTags
2025-12-12 08:43:57 [http-nio-8181-exec-9] INFO  com.nix.config.LoggingAspect [user:] - User=tanlmht859a@gmail.com completed UserController.getUserFromToken
2025-12-12 08:43:57 [http-nio-8181-exec-4] INFO  com.nix.config.LoggingAspect [user:] - User=tanlmht859a@gmail.com completed BookController.getFeaturedBooks
2025-12-12 08:43:57 [http-nio-8181-exec-2] INFO  com.nix.config.LoggingAspect [user:] - User=tanlmht859a@gmail.com completed BookController.getLatestUpdateBooks
2025-12-12 08:43:57 [http-nio-8181-exec-5] DEBUG com.nix.config.JwtValidator [user:] - User with email: tanlmht859a@gmail.com has role: ADMIN (from database)
2025-12-12 08:43:57 [http-nio-8181-exec-10] INFO  com.nix.config.LoggingAspect [user:] - User=tanlmht859a@gmail.com completed BookController.getTop10BooksByLikes
2025-12-12 08:43:57 [http-nio-8181-exec-5] INFO  com.nix.config.LoggingAspect [user:] - User=tanlmht859a@gmail.com accessed UserController.getUserFromToken
2025-12-12 08:43:57 [http-nio-8181-exec-5] DEBUG com.nix.controller.UserController [user:] - Getting user profile from JWT token
2025-12-12 08:43:57 [http-nio-8181-exec-5] INFO  com.nix.config.LoggingAspect [user:] - User=tanlmht859a@gmail.com completed UserController.getUserFromToken
2025-12-12 08:43:57 [http-nio-8181-exec-3] INFO  com.nix.config.LoggingAspect [user:] - User=tanlmht859a@gmail.com completed CategoryController.getAllCategories
2025-12-12 08:43:58 [http-nio-8181-exec-1] DEBUG com.nix.config.JwtValidator [user:] - User with email: tanlmht859a@gmail.com has role: ADMIN (from database)
2025-12-12 08:43:58 [http-nio-8181-exec-1] INFO  com.nix.config.LoggingAspect [user:] - User=tanlmht859a@gmail.com accessed ChatController.getUserChats
2025-12-12 08:43:58 [http-nio-8181-exec-1] DEBUG com.nix.controller.ChatController [user:] - Getting chats for user: Admin
2025-12-12 08:43:58 [http-nio-8181-exec-1] INFO  com.nix.config.LoggingAspect [user:] - User=tanlmht859a@gmail.com completed ChatController.getUserChats
2025-12-12 08:43:58 [http-nio-8181-exec-7] DEBUG com.nix.config.JwtValidator [user:] - User with email: tanlmht859a@gmail.com has role: ADMIN (from database)
2025-12-12 08:43:58 [http-nio-8181-exec-8] DEBUG com.nix.config.JwtValidator [user:] - User with email: tanlmht859a@gmail.com has role: ADMIN (from database)
2025-12-12 08:43:58 [http-nio-8181-exec-9] DEBUG com.nix.config.JwtValidator [user:] - User with email: tanlmht859a@gmail.com has role: ADMIN (from database)
2025-12-12 08:43:58 [http-nio-8181-exec-2] DEBUG com.nix.config.JwtValidator [user:] - User with email: tanlmht859a@gmail.com has role: ADMIN (from database)
2025-12-12 08:43:58 [http-nio-8181-exec-7] INFO  com.nix.config.LoggingAspect [user:] - User=tanlmht859a@gmail.com accessed ChatController.getUserChats
2025-12-12 08:43:58 [http-nio-8181-exec-8] INFO  com.nix.config.LoggingAspect [user:] - User=tanlmht859a@gmail.com accessed BookController.getTop10BooksByLikes
2025-12-12 08:43:58 [http-nio-8181-exec-9] INFO  com.nix.config.LoggingAspect [user:] - User=tanlmht859a@gmail.com accessed BookController.getFeaturedBooks
2025-12-12 08:43:58 [http-nio-8181-exec-6] DEBUG com.nix.config.JwtValidator [user:] - User with email: tanlmht859a@gmail.com has role: ADMIN (from database)
2025-12-12 08:43:58 [http-nio-8181-exec-2] INFO  com.nix.config.LoggingAspect [user:] - User=tanlmht859a@gmail.com accessed CategoryController.getAllCategories
2025-12-12 08:43:58 [http-nio-8181-exec-1] DEBUG com.nix.config.JwtValidator [user:] - User with email: tanlmht859a@gmail.com has role: ADMIN (from database)
2025-12-12 08:43:58 [http-nio-8181-exec-6] INFO  com.nix.config.LoggingAspect [user:] - User=tanlmht859a@gmail.com accessed NotificationController.getUserNotifications
2025-12-12 08:43:58 [http-nio-8181-exec-7] DEBUG com.nix.controller.ChatController [user:] - Getting chats for user: Admin
2025-12-12 08:43:58 [http-nio-8181-exec-9] INFO  com.nix.config.LoggingAspect [user:] - User=tanlmht859a@gmail.com completed BookController.getFeaturedBooks
2025-12-12 08:43:58 [http-nio-8181-exec-1] INFO  com.nix.config.LoggingAspect [user:] - User=tanlmht859a@gmail.com accessed ProgressController.getReadingProgressByUser
2025-12-12 08:43:58 [http-nio-8181-exec-8] INFO  com.nix.config.LoggingAspect [user:] - User=tanlmht859a@gmail.com completed BookController.getTop10BooksByLikes
2025-12-12 08:43:58 [http-nio-8181-exec-6] INFO  com.nix.config.LoggingAspect [user:] - User=tanlmht859a@gmail.com completed NotificationController.getUserNotifications
2025-12-12 08:43:58 [http-nio-8181-exec-7] INFO  com.nix.config.LoggingAspect [user:] - User=tanlmht859a@gmail.com completed ChatController.getUserChats
2025-12-12 08:43:58 [http-nio-8181-exec-2] INFO  com.nix.config.LoggingAspect [user:] - User=tanlmht859a@gmail.com completed CategoryController.getAllCategories
2025-12-12 08:43:58 [http-nio-8181-exec-6] WARN  o.s.d.w.c.SpringDataJacksonConfiguration$PageModule$WarningLoggingModifier [user:] - Serializing PageImpl instances as-is is not supported, meaning that there is no guarantee about the stability of the resulting JSON structure!
	For a stable JSON structure, please use Spring Data's PagedModel (globally via @EnableSpringDataWebSupport(pageSerializationMode = VIA_DTO))
	or Spring HATEOAS and Spring Data's PagedResourcesAssembler as documented in https://docs.spring.io/spring-data/commons/reference/repositories/core-extensions.html#core.web.pageables.

2025-12-12 08:43:58 [http-nio-8181-exec-1] INFO  com.nix.config.LoggingAspect [user:] - User=tanlmht859a@gmail.com completed ProgressController.getReadingProgressByUser
2025-12-12 08:43:58 [http-nio-8181-exec-10] DEBUG com.nix.config.JwtValidator [user:] - User with email: tanlmht859a@gmail.com has role: ADMIN (from database)
2025-12-12 08:43:58 [http-nio-8181-exec-10] INFO  com.nix.config.LoggingAspect [user:] - User=tanlmht859a@gmail.com accessed ChatController.getUserChats
2025-12-12 08:43:58 [http-nio-8181-exec-10] DEBUG com.nix.controller.ChatController [user:] - Getting chats for user: Admin
2025-12-12 08:43:58 [http-nio-8181-exec-3] DEBUG com.nix.config.JwtValidator [user:] - User with email: tanlmht859a@gmail.com has role: ADMIN (from database)
2025-12-12 08:43:58 [http-nio-8181-exec-4] DEBUG com.nix.config.JwtValidator [user:] - User with email: tanlmht859a@gmail.com has role: ADMIN (from database)
2025-12-12 08:43:58 [http-nio-8181-exec-3] INFO  com.nix.config.LoggingAspect [user:] - User=tanlmht859a@gmail.com accessed ProgressController.getReadingProgressByUser
2025-12-12 08:43:58 [http-nio-8181-exec-4] INFO  com.nix.config.LoggingAspect [user:] - User=tanlmht859a@gmail.com accessed NotificationController.getUserNotifications
2025-12-12 08:43:58 [http-nio-8181-exec-10] INFO  com.nix.config.LoggingAspect [user:] - User=tanlmht859a@gmail.com completed ChatController.getUserChats
2025-12-12 08:43:58 [http-nio-8181-exec-3] INFO  com.nix.config.LoggingAspect [user:] - User=tanlmht859a@gmail.com completed ProgressController.getReadingProgressByUser
2025-12-12 08:43:58 [http-nio-8181-exec-4] INFO  com.nix.config.LoggingAspect [user:] - User=tanlmht859a@gmail.com completed NotificationController.getUserNotifications
2025-12-12 08:43:59 [http-nio-8181-exec-5] DEBUG com.nix.config.JwtValidator [user:] - User with email: tanlmht859a@gmail.com has role: ADMIN (from database)
2025-12-12 08:43:59 [http-nio-8181-exec-5] INFO  com.nix.config.LoggingAspect [user:] - User=tanlmht859a@gmail.com accessed ProgressController.getReadingProgressByUser
2025-12-12 08:43:59 [http-nio-8181-exec-5] INFO  com.nix.config.LoggingAspect [user:] - User=tanlmht859a@gmail.com completed ProgressController.getReadingProgressByUser
2025-12-12 08:43:59 [http-nio-8181-exec-9] DEBUG o.s.w.s.s.s.WebSocketHandlerMapping [user:] - Mapped to org.springframework.web.socket.sockjs.support.SockJsHttpRequestHandler@7c731129
2025-12-12 08:43:59 [http-nio-8181-exec-9] DEBUG o.s.w.s.s.t.h.DefaultSockJsService [user:] - Processing transport request: GET http://localhost:8181/ws/info?t=1765503839951
2025-12-12 08:44:00 [http-nio-8181-exec-7] DEBUG com.nix.config.JwtValidator [user:] - User with email: tanlmht859a@gmail.com has role: ADMIN (from database)
2025-12-12 08:44:00 [http-nio-8181-exec-8] DEBUG com.nix.config.JwtValidator [user:] - User with email: tanlmht859a@gmail.com has role: ADMIN (from database)
2025-12-12 08:44:00 [http-nio-8181-exec-2] DEBUG o.s.w.s.s.s.WebSocketHandlerMapping [user:] - Mapped to org.springframework.web.socket.sockjs.support.SockJsHttpRequestHandler@7c731129
2025-12-12 08:44:00 [http-nio-8181-exec-8] INFO  com.nix.config.LoggingAspect [user:] - User=tanlmht859a@gmail.com accessed ChatController.getUserChats
2025-12-12 08:44:00 [http-nio-8181-exec-7] INFO  com.nix.config.LoggingAspect [user:] - User=tanlmht859a@gmail.com accessed NotificationController.getUserNotifications
2025-12-12 08:44:00 [http-nio-8181-exec-2] DEBUG o.s.w.s.s.t.h.DefaultSockJsService [user:] - Processing transport request: GET http://localhost:8181/ws/557/wsnhmrmh/websocket
2025-12-12 08:44:00 [http-nio-8181-exec-8] DEBUG com.nix.controller.ChatController [user:] - Getting chats for user: Admin
2025-12-12 08:44:00 [http-nio-8181-exec-8] INFO  com.nix.config.LoggingAspect [user:] - User=tanlmht859a@gmail.com completed ChatController.getUserChats
2025-12-12 08:44:01 [http-nio-8181-exec-6] DEBUG com.nix.config.JwtValidator [user:] - User with email: tanlmht859a@gmail.com has role: ADMIN (from database)
2025-12-12 08:44:01 [http-nio-8181-exec-6] INFO  com.nix.config.LoggingAspect [user:] - User=tanlmht859a@gmail.com accessed ChatController.getUserChats
2025-12-12 08:44:01 [http-nio-8181-exec-7] INFO  com.nix.config.LoggingAspect [user:] - User=tanlmht859a@gmail.com completed NotificationController.getUserNotifications
2025-12-12 08:44:01 [http-nio-8181-exec-6] DEBUG com.nix.controller.ChatController [user:] - Getting chats for user: Admin
2025-12-12 08:44:01 [http-nio-8181-exec-1] DEBUG com.nix.config.JwtValidator [user:] - User with email: tanlmht859a@gmail.com has role: ADMIN (from database)
2025-12-12 08:44:01 [http-nio-8181-exec-6] INFO  com.nix.config.LoggingAspect [user:] - User=tanlmht859a@gmail.com completed ChatController.getUserChats
2025-12-12 08:44:01 [http-nio-8181-exec-1] INFO  com.nix.config.LoggingAspect [user:] - User=tanlmht859a@gmail.com accessed NotificationController.getUserNotifications
2025-12-12 08:44:01 [http-nio-8181-exec-1] INFO  com.nix.config.LoggingAspect [user:] - User=tanlmht859a@gmail.com completed NotificationController.getUserNotifications
2025-12-12 08:44:01 [http-nio-8181-exec-2] DEBUG o.s.w.s.h.LoggingWebSocketHandlerDecorator [user:] - New WebSocketServerSockJsSession[id=wsnhmrmh]
2025-12-12 08:44:01 [ws-task-scheduler-4] DEBUG o.s.m.s.b.SimpleBrokerMessageHandler [user:] - Processing CONNECT session=wsnhmrmh
2025-12-12 08:44:01 [ws-task-scheduler-9] DEBUG o.s.m.s.b.SimpleBrokerMessageHandler [user:] - Processing SUBSCRIBE /user/Admin/notifications id=sub-0 session=wsnhmrmh
2025-12-12 08:44:03 [ws-task-scheduler-5] DEBUG o.s.m.s.b.SimpleBrokerMessageHandler [user:] - Processing SUBSCRIBE /group/57b2e14f-f466-4b15-ab46-ef4eca65fd43/private id=sub-1 session=wsnhmrmh
2025-12-12 08:44:07 [http-nio-8181-exec-7] DEBUG com.nix.config.JwtValidator [user:] - User with email: tanlmht859a@gmail.com has role: ADMIN (from database)
2025-12-12 08:44:07 [http-nio-8181-exec-7] INFO  com.nix.config.LoggingAspect [user:] - User=tanlmht859a@gmail.com accessed AuthorDashboardController.searchAuthorBooks
2025-12-12 08:44:07 [http-nio-8181-exec-7] INFO  com.nix.config.LoggingAspect [user:] - User=tanlmht859a@gmail.com completed AuthorDashboardController.searchAuthorBooks
2025-12-12 08:44:07 [http-nio-8181-exec-4] DEBUG com.nix.config.JwtValidator [user:] - User with email: tanlmht859a@gmail.com has role: ADMIN (from database)
2025-12-12 08:44:07 [http-nio-8181-exec-4] INFO  com.nix.config.LoggingAspect [user:] - User=tanlmht859a@gmail.com accessed AuthorDashboardController.searchAuthorBooks
2025-12-12 08:44:07 [http-nio-8181-exec-4] INFO  com.nix.config.LoggingAspect [user:] - User=tanlmht859a@gmail.com completed AuthorDashboardController.searchAuthorBooks
2025-12-12 08:44:07 [http-nio-8181-exec-3] DEBUG com.nix.config.JwtValidator [user:] - User with email: tanlmht859a@gmail.com has role: ADMIN (from database)
2025-12-12 08:44:07 [http-nio-8181-exec-3] INFO  com.nix.config.LoggingAspect [user:] - User=tanlmht859a@gmail.com accessed ChapterController.manageChaptersByBookId
2025-12-12 08:44:07 [http-nio-8181-exec-3] INFO  com.nix.config.LoggingAspect [user:] - User=tanlmht859a@gmail.com completed ChapterController.manageChaptersByBookId
2025-12-12 08:44:09 [http-nio-8181-exec-5] DEBUG com.nix.config.JwtValidator [user:] - User with email: tanlmht859a@gmail.com has role: ADMIN (from database)
2025-12-12 08:44:09 [http-nio-8181-exec-5] INFO  com.nix.config.LoggingAspect [user:] - User=tanlmht859a@gmail.com accessed ChapterController.getChapterByRoomId
2025-12-12 08:44:10 [http-nio-8181-exec-5] INFO  com.nix.config.LoggingAspect [user:] - User=tanlmht859a@gmail.com completed ChapterController.getChapterByRoomId
2025-12-12 08:44:10 [http-nio-8181-exec-7] DEBUG com.nix.config.JwtValidator [user:] - User with email: tanlmht859a@gmail.com has role: ADMIN (from database)
2025-12-12 08:44:10 [http-nio-8181-exec-7] INFO  com.nix.config.LoggingAspect [user:] - User=tanlmht859a@gmail.com accessed ChapterController.getChapterByRoomId
2025-12-12 08:44:10 [http-nio-8181-exec-7] INFO  com.nix.config.LoggingAspect [user:] - User=tanlmht859a@gmail.com completed ChapterController.getChapterByRoomId
2025-12-12 08:44:10 [http-nio-8181-exec-4] DEBUG com.nix.config.JwtValidator [user:] - User with email: tanlmht859a@gmail.com has role: ADMIN (from database)
2025-12-12 08:44:10 [http-nio-8181-exec-4] INFO  com.nix.config.LoggingAspect [user:] - User=tanlmht859a@gmail.com accessed ChapterController.getChapterByRoomId
2025-12-12 08:44:10 [http-nio-8181-exec-4] INFO  com.nix.config.LoggingAspect [user:] - User=tanlmht859a@gmail.com completed ChapterController.getChapterByRoomId
2025-12-12 08:44:19 [File Watcher] INFO  o.s.b.d.a.LocalDevToolsAutoConfiguration$RestartingClassPathChangeChangedEventListener [user:] - Restarting due to 244 class path changes (0 additions, 244 deletions, 0 modifications)
2025-12-12 08:44:19 [Thread-5] DEBUG o.s.m.s.ExecutorSubscribableChannel [user:] - clientOutboundChannel removed SubProtocolWebSocketHandler[StompSubProtocolHandler[v10.stomp, v11.stomp, v12.stomp]]
2025-12-12 08:44:19 [Thread-5] DEBUG o.s.w.s.s.t.s.WebSocketServerSockJsSession [user:] - Closing SockJS session wsnhmrmh with CloseStatus[code=1001, reason=null]
2025-12-12 08:44:19 [Thread-5] DEBUG o.s.w.s.a.NativeWebSocketSession [user:] - Closing StandardWebSocketSession[id=3dcfa89e-fbbd-a117-9d1c-abda50ffdc5a, uri=ws://localhost:8181/ws/557/wsnhmrmh/websocket]
2025-12-12 08:44:19 [Thread-5] DEBUG o.s.w.s.h.LoggingWebSocketHandlerDecorator [user:] - WebSocketServerSockJsSession[id=wsnhmrmh] closed with CloseStatus[code=1001, reason=null]
2025-12-12 08:44:20 [Thread-5] DEBUG o.s.w.s.m.SubProtocolWebSocketHandler [user:] - Clearing session wsnhmrmh
2025-12-12 08:44:20 [Thread-5] DEBUG o.s.m.s.b.SimpleBrokerMessageHandler [user:] - Processing DISCONNECT session=wsnhmrmh
2025-12-12 08:44:20 [Thread-5] DEBUG o.s.m.s.ExecutorSubscribableChannel [user:] - clientInboundChannel removed WebSocketAnnotationMethodMessageHandler[prefixes=[/app/]]
2025-12-12 08:44:20 [Thread-5] INFO  o.s.m.s.b.SimpleBrokerMessageHandler [user:] - Stopping...
2025-12-12 08:44:20 [Thread-5] INFO  o.s.m.s.b.SimpleBrokerMessageHandler [user:] - BrokerAvailabilityEvent[available=false, SimpleBrokerMessageHandler [org.springframework.messaging.simp.broker.DefaultSubscriptionRegistry@52e95553]]
2025-12-12 08:44:20 [Thread-5] DEBUG o.s.m.s.ExecutorSubscribableChannel [user:] - clientInboundChannel removed SimpleBrokerMessageHandler [org.springframework.messaging.simp.broker.DefaultSubscriptionRegistry@52e95553]
2025-12-12 08:44:20 [Thread-5] DEBUG o.s.m.s.ExecutorSubscribableChannel [user:] - brokerChannel removed SimpleBrokerMessageHandler [org.springframework.messaging.simp.broker.DefaultSubscriptionRegistry@52e95553]
2025-12-12 08:44:20 [Thread-5] INFO  o.s.m.s.b.SimpleBrokerMessageHandler [user:] - Stopped.
2025-12-12 08:44:20 [Thread-5] DEBUG o.s.m.s.ExecutorSubscribableChannel [user:] - clientInboundChannel removed UserDestinationMessageHandler[DefaultUserDestinationResolver[prefix=/user/]]
2025-12-12 08:44:20 [Thread-5] DEBUG o.s.m.s.ExecutorSubscribableChannel [user:] - brokerChannel removed UserDestinationMessageHandler[DefaultUserDestinationResolver[prefix=/user/]]
2025-12-12 08:44:23 [Thread-5] INFO  o.s.o.j.LocalContainerEntityManagerFactoryBean [user:] - Closing JPA EntityManagerFactory for persistence unit 'default'
2025-12-12 08:44:23 [Thread-5] INFO  com.zaxxer.hikari.HikariDataSource [user:] - HikariPool-1 - Shutdown initiated...
2025-12-12 08:44:23 [Thread-5] INFO  com.zaxxer.hikari.HikariDataSource [user:] - HikariPool-1 - Shutdown completed.
2025-12-12 08:44:28 [restartedMain] INFO  com.nix.BookSocialApplication [user:] - Starting BookSocialApplication using Java 17.0.12 with PID 7420 (C:\Users\LENOVO\Documents\workspace-spring-tool-suite-4-4.22.1.RELEASE\book-social - Copy\target\classes started by LENOVO in C:\Users\LENOVO\Documents\workspace-spring-tool-suite-4-4.22.1.RELEASE\book-social - Copy)
2025-12-12 08:44:28 [restartedMain] INFO  com.nix.BookSocialApplication [user:] - No active profile set, falling back to 1 default profile: "default"
2025-12-12 08:44:28 [restartedMain] INFO  o.s.d.r.c.RepositoryConfigurationDelegate [user:] - Bootstrapping Spring Data JPA repositories in DEFAULT mode.
2025-12-12 08:44:28 [restartedMain] INFO  o.s.d.r.c.RepositoryConfigurationDelegate [user:] - Finished Spring Data repository scanning in 84 ms. Found 27 JPA repository interfaces.
2025-12-12 08:44:28 [restartedMain] INFO  o.s.b.w.e.tomcat.TomcatWebServer [user:] - Tomcat initialized with port 8181 (http)
2025-12-12 08:44:28 [restartedMain] INFO  o.a.catalina.core.StandardService [user:] - Starting service [Tomcat]
2025-12-12 08:44:28 [restartedMain] INFO  o.a.catalina.core.StandardEngine [user:] - Starting Servlet engine: [Apache Tomcat/10.1.42]
2025-12-12 08:44:28 [restartedMain] INFO  o.a.c.c.C.[Tomcat-1].[localhost].[/] [user:] - Initializing Spring embedded WebApplicationContext
2025-12-12 08:44:28 [restartedMain] INFO  o.s.b.w.s.c.ServletWebServerApplicationContext [user:] - Root WebApplicationContext: initialization completed in 708 ms
2025-12-12 08:44:28 [restartedMain] INFO  o.h.jpa.internal.util.LogHelper [user:] - HHH000204: Processing PersistenceUnitInfo [name: default]
2025-12-12 08:44:28 [restartedMain] INFO  o.h.c.i.RegionFactoryInitiator [user:] - HHH000026: Second-level cache disabled
2025-12-12 08:44:28 [restartedMain] INFO  o.s.o.j.p.SpringPersistenceUnitInfo [user:] - No LoadTimeWeaver setup: ignoring JPA class transformer
2025-12-12 08:44:28 [restartedMain] INFO  com.zaxxer.hikari.HikariDataSource [user:] - HikariPool-2 - Starting...
2025-12-12 08:44:28 [restartedMain] INFO  com.zaxxer.hikari.pool.HikariPool [user:] - HikariPool-2 - Added connection com.mysql.cj.jdbc.ConnectionImpl@4862cf11
2025-12-12 08:44:28 [restartedMain] INFO  com.zaxxer.hikari.HikariDataSource [user:] - HikariPool-2 - Start completed.
2025-12-12 08:44:28 [restartedMain] WARN  org.hibernate.orm.deprecation [user:] - HHH90000025: MySQL8Dialect does not need to be specified explicitly using 'hibernate.dialect' (remove the property setting and it will be selected by default)
2025-12-12 08:44:28 [restartedMain] WARN  org.hibernate.orm.deprecation [user:] - HHH90000026: MySQL8Dialect has been deprecated; use org.hibernate.dialect.MySQLDialect instead
2025-12-12 08:44:29 [restartedMain] INFO  o.h.e.t.j.p.i.JtaPlatformInitiator [user:] - HHH000489: No JTA platform available (set 'hibernate.transaction.jta.platform' to enable JTA platform integration)
2025-12-12 08:44:29 [restartedMain] INFO  o.s.o.j.LocalContainerEntityManagerFactoryBean [user:] - Initialized JPA EntityManagerFactory for persistence unit 'default'
2025-12-12 08:44:29 [restartedMain] DEBUG com.nix.config.JwtValidator [user:] - Filter 'jwtValidator' configured for use
2025-12-12 08:44:31 [restartedMain] WARN  o.s.b.a.o.j.JpaBaseConfiguration$JpaWebConfiguration [user:] - spring.jpa.open-in-view is enabled by default. Therefore, database queries may be performed during view rendering. Explicitly configure spring.jpa.open-in-view to disable this warning
2025-12-12 08:44:31 [restartedMain] INFO  o.s.s.c.a.a.c.InitializeUserDetailsBeanManagerConfigurer$InitializeUserDetailsManagerConfigurer [user:] - Global AuthenticationManager configured with UserDetailsService bean with name userDetailsService
2025-12-12 08:44:31 [restartedMain] DEBUG o.s.w.s.s.s.WebSocketHandlerMapping [user:] - Patterns [/ws/**] in 'stompWebSocketHandlerMapping'
2025-12-12 08:44:31 [restartedMain] INFO  o.s.b.a.e.web.EndpointLinksResolver [user:] - Exposing 2 endpoints beneath base path '/actuator'
2025-12-12 08:44:31 [restartedMain] DEBUG o.s.w.s.m.WebSocketAnnotationMethodMessageHandler [user:] - 
	c.n.c.AdminController:
	
2025-12-12 08:44:31 [restartedMain] DEBUG o.s.w.s.m.WebSocketAnnotationMethodMessageHandler [user:] - 
	c.n.c.AuthController:
	
2025-12-12 08:44:31 [restartedMain] DEBUG o.s.w.s.m.WebSocketAnnotationMethodMessageHandler [user:] - 
	c.n.c.AuthorDashboardController:
	
2025-12-12 08:44:31 [restartedMain] DEBUG o.s.w.s.m.WebSocketAnnotationMethodMessageHandler [user:] - 
	c.n.c.BookController:
	
2025-12-12 08:44:31 [restartedMain] DEBUG o.s.w.s.m.WebSocketAnnotationMethodMessageHandler [user:] - 
	c.n.c.CategoryController:
	
2025-12-12 08:44:31 [restartedMain] DEBUG o.s.w.s.m.WebSocketAnnotationMethodMessageHandler [user:] - 
	c.n.c.ChapterController:
	
2025-12-12 08:44:31 [restartedMain] DEBUG o.s.w.s.m.WebSocketAnnotationMethodMessageHandler [user:] - 
	c.n.c.ChatController:
	{[MESSAGE],[/chat/{groupId}]}: sendToUser(MessageDTO,String)
2025-12-12 08:44:31 [restartedMain] DEBUG o.s.w.s.m.WebSocketAnnotationMethodMessageHandler [user:] - 
	c.n.c.CommentController:
	
2025-12-12 08:44:31 [restartedMain] DEBUG o.s.w.s.m.WebSocketAnnotationMethodMessageHandler [user:] - 
	c.n.c.CreditPackageController:
	
2025-12-12 08:44:31 [restartedMain] DEBUG o.s.w.s.m.WebSocketAnnotationMethodMessageHandler [user:] - 
	c.n.c.ImageController:
	
2025-12-12 08:44:31 [restartedMain] DEBUG o.s.w.s.m.WebSocketAnnotationMethodMessageHandler [user:] - 
	c.n.c.LogController:
	
2025-12-12 08:44:31 [restartedMain] DEBUG o.s.w.s.m.WebSocketAnnotationMethodMessageHandler [user:] - 
	c.n.c.NotificationController:
	
2025-12-12 08:44:31 [restartedMain] DEBUG o.s.w.s.m.WebSocketAnnotationMethodMessageHandler [user:] - 
	c.n.c.PaymentController:
	
2025-12-12 08:44:31 [restartedMain] DEBUG o.s.w.s.m.WebSocketAnnotationMethodMessageHandler [user:] - 
	c.n.c.PostController:
	
2025-12-12 08:44:31 [restartedMain] DEBUG o.s.w.s.m.WebSocketAnnotationMethodMessageHandler [user:] - 
	c.n.c.ProgressController:
	
2025-12-12 08:44:31 [restartedMain] DEBUG o.s.w.s.m.WebSocketAnnotationMethodMessageHandler [user:] - 
	c.n.c.PurchaseController:
	
2025-12-12 08:44:31 [restartedMain] DEBUG o.s.w.s.m.WebSocketAnnotationMethodMessageHandler [user:] - 
	c.n.c.RatingController:
	
2025-12-12 08:44:31 [restartedMain] DEBUG o.s.w.s.m.WebSocketAnnotationMethodMessageHandler [user:] - 
	c.n.c.ReportController:
	
2025-12-12 08:44:31 [restartedMain] DEBUG o.s.w.s.m.WebSocketAnnotationMethodMessageHandler [user:] - 
	c.n.c.RoleController:
	
2025-12-12 08:44:31 [restartedMain] DEBUG o.s.w.s.m.WebSocketAnnotationMethodMessageHandler [user:] - 
	c.n.c.SensitiveWordController:
	
2025-12-12 08:44:31 [restartedMain] DEBUG o.s.w.s.m.WebSocketAnnotationMethodMessageHandler [user:] - 
	c.n.c.TagController:
	
2025-12-12 08:44:31 [restartedMain] DEBUG o.s.w.s.m.WebSocketAnnotationMethodMessageHandler [user:] - 
	c.n.c.UserController:
	
2025-12-12 08:44:31 [restartedMain] DEBUG o.s.w.s.m.WebSocketAnnotationMethodMessageHandler [user:] - 
	o.s.b.a.w.s.e.BasicErrorController:
	
2025-12-12 08:44:31 [restartedMain] INFO  o.s.b.d.a.OptionalLiveReloadServer [user:] - LiveReload server is running on port 35729
2025-12-12 08:44:31 [restartedMain] INFO  o.s.b.w.e.tomcat.TomcatWebServer [user:] - Tomcat started on port 8181 (http) with context path '/'
2025-12-12 08:44:31 [restartedMain] DEBUG o.s.m.s.ExecutorSubscribableChannel [user:] - clientOutboundChannel added SubProtocolWebSocketHandler[StompSubProtocolHandler[v10.stomp, v11.stomp, v12.stomp]]
2025-12-12 08:44:31 [restartedMain] DEBUG o.s.m.s.ExecutorSubscribableChannel [user:] - clientInboundChannel added WebSocketAnnotationMethodMessageHandler[prefixes=[/app/]]
2025-12-12 08:44:31 [restartedMain] INFO  o.s.m.s.b.SimpleBrokerMessageHandler [user:] - Starting...
2025-12-12 08:44:31 [restartedMain] DEBUG o.s.m.s.ExecutorSubscribableChannel [user:] - clientInboundChannel added SimpleBrokerMessageHandler [org.springframework.messaging.simp.broker.DefaultSubscriptionRegistry@8ab108c]
2025-12-12 08:44:31 [restartedMain] DEBUG o.s.m.s.ExecutorSubscribableChannel [user:] - brokerChannel added SimpleBrokerMessageHandler [org.springframework.messaging.simp.broker.DefaultSubscriptionRegistry@8ab108c]
2025-12-12 08:44:31 [restartedMain] INFO  o.s.m.s.b.SimpleBrokerMessageHandler [user:] - BrokerAvailabilityEvent[available=true, SimpleBrokerMessageHandler [org.springframework.messaging.simp.broker.DefaultSubscriptionRegistry@8ab108c]]
2025-12-12 08:44:31 [restartedMain] INFO  o.s.m.s.b.SimpleBrokerMessageHandler [user:] - Started.
2025-12-12 08:44:31 [restartedMain] DEBUG o.s.m.s.ExecutorSubscribableChannel [user:] - clientInboundChannel added UserDestinationMessageHandler[DefaultUserDestinationResolver[prefix=/user/]]
2025-12-12 08:44:31 [restartedMain] DEBUG o.s.m.s.ExecutorSubscribableChannel [user:] - brokerChannel added UserDestinationMessageHandler[DefaultUserDestinationResolver[prefix=/user/]]
2025-12-12 08:44:31 [restartedMain] INFO  com.nix.BookSocialApplication [user:] - Started BookSocialApplication in 3.53 seconds (process running for 252.03)
2025-12-12 08:44:31 [restartedMain] INFO  o.s.b.d.a.ConditionEvaluationDeltaLoggingListener [user:] - Condition evaluation unchanged
2025-12-12 08:45:31 [MessageBroker-1] INFO  o.s.w.s.c.WebSocketMessageBrokerStats [user:] - WebSocketSession[0 current WS(0)-HttpStream(0)-HttpPoll(0), 0 total, 0 closed abnormally (0 connect failure, 0 send limit, 0 transport error)], stompSubProtocol[processed CONNECT(0)-CONNECTED(0)-DISCONNECT(0)], stompBrokerRelay[null], inboundChannel[unknown], outboundChannel[unknown], sockJsScheduler[pool size = 1, active threads = 1, queued tasks = 0, completed tasks = 0]
2025-12-12 08:45:49 [http-nio-8181-exec-2] INFO  o.a.c.c.C.[Tomcat-1].[localhost].[/] [user:] - Initializing Spring DispatcherServlet 'dispatcherServlet'
2025-12-12 08:45:49 [http-nio-8181-exec-2] INFO  o.s.web.servlet.DispatcherServlet [user:] - Initializing Servlet 'dispatcherServlet'
2025-12-12 08:45:49 [http-nio-8181-exec-2] INFO  o.s.web.servlet.DispatcherServlet [user:] - Completed initialization in 2 ms
2025-12-12 08:45:49 [http-nio-8181-exec-2] DEBUG com.nix.config.JwtValidator [user:] - User with email: tanlmht859a@gmail.com has role: ADMIN (from database)
2025-12-12 08:45:49 [http-nio-8181-exec-2] INFO  com.nix.config.LoggingAspect [user:] - User=tanlmht859a@gmail.com accessed ChapterController.getChapterByRoomId
2025-12-12 08:45:49 [http-nio-8181-exec-2] INFO  com.nix.config.LoggingAspect [user:] - User=tanlmht859a@gmail.com completed ChapterController.getChapterByRoomId
2025-12-12 08:48:59 [http-nio-8181-exec-7] DEBUG com.nix.config.JwtValidator [user:] - User with email: 21110852@student.hcmute.edu.vn has role: USER (from database)
2025-12-12 08:48:59 [http-nio-8181-exec-10] DEBUG com.nix.config.JwtValidator [user:] - User with email: 21110852@student.hcmute.edu.vn has role: USER (from database)
2025-12-12 08:48:59 [http-nio-8181-exec-10] INFO  com.nix.config.LoggingAspect [user:] - User=21110852@student.hcmute.edu.vn accessed TagController.getAllTags
2025-12-12 08:48:59 [http-nio-8181-exec-7] INFO  com.nix.config.LoggingAspect [user:] - User=21110852@student.hcmute.edu.vn accessed BookController.getFeaturedBooks
2025-12-12 08:48:59 [http-nio-8181-exec-9] DEBUG com.nix.config.JwtValidator [user:] - User with email: 21110852@student.hcmute.edu.vn has role: USER (from database)
2025-12-12 08:48:59 [http-nio-8181-exec-9] INFO  com.nix.config.LoggingAspect [user:] - User=21110852@student.hcmute.edu.vn accessed CategoryController.getAllCategories
2025-12-12 08:48:59 [http-nio-8181-exec-5] DEBUG com.nix.config.JwtValidator [user:] - User with email: 21110852@student.hcmute.edu.vn has role: USER (from database)
2025-12-12 08:48:59 [http-nio-8181-exec-8] DEBUG com.nix.config.JwtValidator [user:] - User with email: 21110852@student.hcmute.edu.vn has role: USER (from database)
2025-12-12 08:48:59 [http-nio-8181-exec-10] INFO  com.nix.config.LoggingAspect [user:] - User=21110852@student.hcmute.edu.vn completed TagController.getAllTags
2025-12-12 08:48:59 [http-nio-8181-exec-4] DEBUG com.nix.config.JwtValidator [user:] - User with email: 21110852@student.hcmute.edu.vn has role: USER (from database)
2025-12-12 08:48:59 [http-nio-8181-exec-5] INFO  com.nix.config.LoggingAspect [user:] - User=21110852@student.hcmute.edu.vn accessed BookController.getTop10BooksByLikes
2025-12-12 08:48:59 [http-nio-8181-exec-8] INFO  com.nix.config.LoggingAspect [user:] - User=21110852@student.hcmute.edu.vn accessed BookController.getLatestUpdateBooks
2025-12-12 08:48:59 [http-nio-8181-exec-4] INFO  com.nix.config.LoggingAspect [user:] - User=21110852@student.hcmute.edu.vn accessed UserController.getUserFromToken
2025-12-12 08:48:59 [http-nio-8181-exec-4] DEBUG com.nix.controller.UserController [user:] - Getting user profile from JWT token
2025-12-12 08:48:59 [http-nio-8181-exec-7] INFO  com.nix.config.LoggingAspect [user:] - User=21110852@student.hcmute.edu.vn completed BookController.getFeaturedBooks
2025-12-12 08:48:59 [http-nio-8181-exec-4] INFO  com.nix.config.LoggingAspect [user:] - User=21110852@student.hcmute.edu.vn completed UserController.getUserFromToken
2025-12-12 08:48:59 [http-nio-8181-exec-8] INFO  com.nix.config.LoggingAspect [user:] - User=21110852@student.hcmute.edu.vn completed BookController.getLatestUpdateBooks
2025-12-12 08:48:59 [http-nio-8181-exec-5] INFO  com.nix.config.LoggingAspect [user:] - User=21110852@student.hcmute.edu.vn completed BookController.getTop10BooksByLikes
2025-12-12 08:48:59 [http-nio-8181-exec-9] INFO  com.nix.config.LoggingAspect [user:] - User=21110852@student.hcmute.edu.vn completed CategoryController.getAllCategories
2025-12-12 08:48:59 [http-nio-8181-exec-3] DEBUG com.nix.config.JwtValidator [user:] - User with email: 21110852@student.hcmute.edu.vn has role: USER (from database)
2025-12-12 08:48:59 [http-nio-8181-exec-3] INFO  com.nix.config.LoggingAspect [user:] - User=21110852@student.hcmute.edu.vn accessed UserController.getUserFromToken
2025-12-12 08:48:59 [http-nio-8181-exec-3] DEBUG com.nix.controller.UserController [user:] - Getting user profile from JWT token
2025-12-12 08:48:59 [http-nio-8181-exec-3] INFO  com.nix.config.LoggingAspect [user:] - User=21110852@student.hcmute.edu.vn completed UserController.getUserFromToken
2025-12-12 08:48:59 [http-nio-8181-exec-2] DEBUG com.nix.config.JwtValidator [user:] - User with email: 21110852@student.hcmute.edu.vn has role: USER (from database)
2025-12-12 08:48:59 [http-nio-8181-exec-2] INFO  com.nix.config.LoggingAspect [user:] - User=21110852@student.hcmute.edu.vn accessed ChatController.getUserChats
2025-12-12 08:48:59 [http-nio-8181-exec-2] DEBUG com.nix.controller.ChatController [user:] - Getting chats for user: test
2025-12-12 08:48:59 [http-nio-8181-exec-2] INFO  com.nix.config.LoggingAspect [user:] - User=21110852@student.hcmute.edu.vn completed ChatController.getUserChats
2025-12-12 08:49:00 [http-nio-8181-exec-10] DEBUG com.nix.config.JwtValidator [user:] - User with email: 21110852@student.hcmute.edu.vn has role: USER (from database)
2025-12-12 08:49:00 [http-nio-8181-exec-4] DEBUG com.nix.config.JwtValidator [user:] - User with email: 21110852@student.hcmute.edu.vn has role: USER (from database)
2025-12-12 08:49:00 [http-nio-8181-exec-5] DEBUG com.nix.config.JwtValidator [user:] - User with email: 21110852@student.hcmute.edu.vn has role: USER (from database)
2025-12-12 08:49:00 [http-nio-8181-exec-8] DEBUG com.nix.config.JwtValidator [user:] - User with email: 21110852@student.hcmute.edu.vn has role: USER (from database)
2025-12-12 08:49:00 [http-nio-8181-exec-5] INFO  com.nix.config.LoggingAspect [user:] - User=21110852@student.hcmute.edu.vn accessed NotificationController.getUserNotifications
2025-12-12 08:49:00 [http-nio-8181-exec-10] INFO  com.nix.config.LoggingAspect [user:] - User=21110852@student.hcmute.edu.vn accessed BookController.getFeaturedBooks
2025-12-12 08:49:00 [http-nio-8181-exec-4] INFO  com.nix.config.LoggingAspect [user:] - User=21110852@student.hcmute.edu.vn accessed ChatController.getUserChats
2025-12-12 08:49:00 [http-nio-8181-exec-8] INFO  com.nix.config.LoggingAspect [user:] - User=21110852@student.hcmute.edu.vn accessed ProgressController.getReadingProgressByUser
2025-12-12 08:49:00 [http-nio-8181-exec-4] DEBUG com.nix.controller.ChatController [user:] - Getting chats for user: test
2025-12-12 08:49:00 [http-nio-8181-exec-10] INFO  com.nix.config.LoggingAspect [user:] - User=21110852@student.hcmute.edu.vn completed BookController.getFeaturedBooks
2025-12-12 08:49:00 [http-nio-8181-exec-8] INFO  com.nix.config.LoggingAspect [user:] - User=21110852@student.hcmute.edu.vn completed ProgressController.getReadingProgressByUser
2025-12-12 08:49:00 [http-nio-8181-exec-4] INFO  com.nix.config.LoggingAspect [user:] - User=21110852@student.hcmute.edu.vn completed ChatController.getUserChats
2025-12-12 08:49:00 [http-nio-8181-exec-1] DEBUG com.nix.config.JwtValidator [user:] - User with email: 21110852@student.hcmute.edu.vn has role: USER (from database)
2025-12-12 08:49:00 [http-nio-8181-exec-5] INFO  com.nix.config.LoggingAspect [user:] - User=21110852@student.hcmute.edu.vn completed NotificationController.getUserNotifications
2025-12-12 08:49:00 [http-nio-8181-exec-6] DEBUG com.nix.config.JwtValidator [user:] - User with email: 21110852@student.hcmute.edu.vn has role: USER (from database)
2025-12-12 08:49:00 [http-nio-8181-exec-1] INFO  com.nix.config.LoggingAspect [user:] - User=21110852@student.hcmute.edu.vn accessed ProgressController.getReadingProgressByUser
2025-12-12 08:49:00 [http-nio-8181-exec-5] WARN  o.s.d.w.c.SpringDataJacksonConfiguration$PageModule$WarningLoggingModifier [user:] - Serializing PageImpl instances as-is is not supported, meaning that there is no guarantee about the stability of the resulting JSON structure!
	For a stable JSON structure, please use Spring Data's PagedModel (globally via @EnableSpringDataWebSupport(pageSerializationMode = VIA_DTO))
	or Spring HATEOAS and Spring Data's PagedResourcesAssembler as documented in https://docs.spring.io/spring-data/commons/reference/repositories/core-extensions.html#core.web.pageables.

2025-12-12 08:49:00 [http-nio-8181-exec-6] INFO  com.nix.config.LoggingAspect [user:] - User=21110852@student.hcmute.edu.vn accessed ChatController.getUserChats
2025-12-12 08:49:00 [http-nio-8181-exec-1] INFO  com.nix.config.LoggingAspect [user:] - User=21110852@student.hcmute.edu.vn completed ProgressController.getReadingProgressByUser
2025-12-12 08:49:00 [http-nio-8181-exec-6] DEBUG com.nix.controller.ChatController [user:] - Getting chats for user: test
2025-12-12 08:49:00 [http-nio-8181-exec-10] DEBUG com.nix.config.JwtValidator [user:] - User with email: 21110852@student.hcmute.edu.vn has role: USER (from database)
2025-12-12 08:49:00 [http-nio-8181-exec-6] INFO  com.nix.config.LoggingAspect [user:] - User=21110852@student.hcmute.edu.vn completed ChatController.getUserChats
2025-12-12 08:49:01 [http-nio-8181-exec-10] INFO  com.nix.config.LoggingAspect [user:] - User=21110852@student.hcmute.edu.vn accessed NotificationController.getUserNotifications
2025-12-12 08:49:01 [http-nio-8181-exec-7] DEBUG com.nix.config.JwtValidator [user:] - User with email: 21110852@student.hcmute.edu.vn has role: USER (from database)
2025-12-12 08:49:01 [http-nio-8181-exec-7] INFO  com.nix.config.LoggingAspect [user:] - User=21110852@student.hcmute.edu.vn accessed ProgressController.getReadingProgressByUser
2025-12-12 08:49:01 [http-nio-8181-exec-7] INFO  com.nix.config.LoggingAspect [user:] - User=21110852@student.hcmute.edu.vn completed ProgressController.getReadingProgressByUser
2025-12-12 08:49:01 [http-nio-8181-exec-10] INFO  com.nix.config.LoggingAspect [user:] - User=21110852@student.hcmute.edu.vn completed NotificationController.getUserNotifications
2025-12-12 08:49:01 [http-nio-8181-exec-2] DEBUG o.s.w.s.s.s.WebSocketHandlerMapping [user:] - Mapped to org.springframework.web.socket.sockjs.support.SockJsHttpRequestHandler@61885463
2025-12-12 08:49:01 [http-nio-8181-exec-2] DEBUG o.s.w.s.s.t.h.DefaultSockJsService [user:] - Processing transport request: GET http://localhost:8181/ws/info?t=1765504141631
2025-12-12 08:49:02 [http-nio-8181-exec-9] DEBUG o.s.w.s.s.s.WebSocketHandlerMapping [user:] - Mapped to org.springframework.web.socket.sockjs.support.SockJsHttpRequestHandler@61885463
2025-12-12 08:49:02 [http-nio-8181-exec-9] DEBUG o.s.w.s.s.t.h.DefaultSockJsService [user:] - Processing transport request: GET http://localhost:8181/ws/086/4stu55l4/websocket
2025-12-12 08:49:02 [http-nio-8181-exec-9] DEBUG o.s.w.s.h.LoggingWebSocketHandlerDecorator [user:] - New WebSocketServerSockJsSession[id=4stu55l4]
2025-12-12 08:49:02 [ws-task-scheduler-9] DEBUG o.s.m.s.b.SimpleBrokerMessageHandler [user:] - Processing CONNECT session=4stu55l4
2025-12-12 08:49:02 [ws-task-scheduler-8] DEBUG o.s.m.s.b.SimpleBrokerMessageHandler [user:] - Processing SUBSCRIBE /user/test/notifications id=sub-0 session=4stu55l4
2025-12-12 08:49:02 [ws-task-scheduler-6] DEBUG o.s.m.s.b.SimpleBrokerMessageHandler [user:] - Processing SUBSCRIBE /group/86b2a924-1be3-4dc5-9b78-eb542d7ca409/private id=sub-1 session=4stu55l4
2025-12-12 08:49:02 [ws-task-scheduler-2] DEBUG o.s.m.s.b.SimpleBrokerMessageHandler [user:] - Processing SUBSCRIBE /group/57b2e14f-f466-4b15-ab46-ef4eca65fd43/private id=sub-2 session=4stu55l4
2025-12-12 08:49:10 [http-nio-8181-exec-4] DEBUG o.s.w.s.h.LoggingWebSocketHandlerDecorator [user:] - WebSocketServerSockJsSession[id=4stu55l4] closed with CloseStatus[code=1000, reason=null]
2025-12-12 08:49:10 [http-nio-8181-exec-4] DEBUG o.s.w.s.m.SubProtocolWebSocketHandler [user:] - Clearing session 4stu55l4
2025-12-12 08:49:10 [ws-task-scheduler-5] DEBUG o.s.m.s.b.SimpleBrokerMessageHandler [user:] - Processing DISCONNECT session=4stu55l4
2025-12-12 08:49:10 [ws-task-scheduler-4] DEBUG o.s.w.s.m.SubProtocolWebSocketHandler [user:] - No session for GenericMessage [payload=byte[0], headers={simpMessageType=DISCONNECT_ACK, simpDisconnectMessage=GenericMessage [payload=byte[0], headers={simpMessageType=DISCONNECT, stompCommand=DISCONNECT, simpSessionAttributes={org.springframework.messaging.simp.SimpAttributes.COMPLETED=true}, simpSessionId=4stu55l4}], simpSessionId=4stu55l4}]
2025-12-12 08:49:11 [http-nio-8181-exec-8] DEBUG com.nix.config.JwtValidator [user:] - User with email: 21110852@student.hcmute.edu.vn has role: USER (from database)
2025-12-12 08:49:11 [http-nio-8181-exec-8] INFO  com.nix.config.LoggingAspect [user:] - User=21110852@student.hcmute.edu.vn accessed UserController.getUserFromToken
2025-12-12 08:49:11 [http-nio-8181-exec-8] DEBUG com.nix.controller.UserController [user:] - Getting user profile from JWT token
2025-12-12 08:49:11 [http-nio-8181-exec-8] INFO  com.nix.config.LoggingAspect [user:] - User=21110852@student.hcmute.edu.vn completed UserController.getUserFromToken
2025-12-12 08:49:11 [http-nio-8181-exec-5] DEBUG com.nix.config.JwtValidator [user:] - User with email: 21110852@student.hcmute.edu.vn has role: USER (from database)
2025-12-12 08:49:11 [http-nio-8181-exec-5] INFO  com.nix.config.LoggingAspect [user:] - User=21110852@student.hcmute.edu.vn accessed UserController.getUserFromToken
2025-12-12 08:49:11 [http-nio-8181-exec-5] DEBUG com.nix.controller.UserController [user:] - Getting user profile from JWT token
2025-12-12 08:49:11 [http-nio-8181-exec-5] INFO  com.nix.config.LoggingAspect [user:] - User=21110852@student.hcmute.edu.vn completed UserController.getUserFromToken
2025-12-12 08:49:11 [http-nio-8181-exec-2] DEBUG com.nix.config.JwtValidator [user:] - User with email: 21110852@student.hcmute.edu.vn has role: USER (from database)
2025-12-12 08:49:11 [http-nio-8181-exec-2] INFO  com.nix.config.LoggingAspect [user:] - User=21110852@student.hcmute.edu.vn accessed ChatController.getUserChats
2025-12-12 08:49:11 [http-nio-8181-exec-9] DEBUG o.s.w.s.s.s.WebSocketHandlerMapping [user:] - Mapped to org.springframework.web.socket.sockjs.support.SockJsHttpRequestHandler@61885463
2025-12-12 08:49:11 [http-nio-8181-exec-2] DEBUG com.nix.controller.ChatController [user:] - Getting chats for user: test
2025-12-12 08:49:11 [http-nio-8181-exec-9] DEBUG o.s.w.s.s.t.h.DefaultSockJsService [user:] - Processing transport request: GET http://localhost:8181/ws/info?t=1765504151865
2025-12-12 08:49:11 [http-nio-8181-exec-2] INFO  com.nix.config.LoggingAspect [user:] - User=21110852@student.hcmute.edu.vn completed ChatController.getUserChats
2025-12-12 08:49:11 [http-nio-8181-exec-1] DEBUG o.s.w.s.s.s.WebSocketHandlerMapping [user:] - Mapped to org.springframework.web.socket.sockjs.support.SockJsHttpRequestHandler@61885463
2025-12-12 08:49:11 [http-nio-8181-exec-4] DEBUG com.nix.config.JwtValidator [user:] - User with email: 21110852@student.hcmute.edu.vn has role: USER (from database)
2025-12-12 08:49:11 [http-nio-8181-exec-1] DEBUG o.s.w.s.s.t.h.DefaultSockJsService [user:] - Processing transport request: GET http://localhost:8181/ws/984/xkm0yj2n/websocket
2025-12-12 08:49:11 [http-nio-8181-exec-4] INFO  com.nix.config.LoggingAspect [user:] - User=21110852@student.hcmute.edu.vn accessed ChapterController.getChapterByRoomId
2025-12-12 08:49:11 [http-nio-8181-exec-1] DEBUG o.s.w.s.h.LoggingWebSocketHandlerDecorator [user:] - New WebSocketServerSockJsSession[id=xkm0yj2n]
2025-12-12 08:49:11 [http-nio-8181-exec-4] INFO  com.nix.config.LoggingAspect [user:] - User=21110852@student.hcmute.edu.vn completed ChapterController.getChapterByRoomId
2025-12-12 08:49:11 [ws-task-scheduler-8] DEBUG o.s.m.s.b.SimpleBrokerMessageHandler [user:] - Processing CONNECT session=xkm0yj2n
2025-12-12 08:49:12 [ws-task-scheduler-4] DEBUG o.s.m.s.b.SimpleBrokerMessageHandler [user:] - Processing SUBSCRIBE /user/test/notifications id=sub-0 session=xkm0yj2n
2025-12-12 08:49:12 [http-nio-8181-exec-10] DEBUG com.nix.config.JwtValidator [user:] - User with email: 21110852@student.hcmute.edu.vn has role: USER (from database)
2025-12-12 08:49:12 [http-nio-8181-exec-10] INFO  com.nix.config.LoggingAspect [user:] - User=21110852@student.hcmute.edu.vn accessed ChapterController.getChapterByRoomId
2025-12-12 08:49:12 [http-nio-8181-exec-10] INFO  com.nix.config.LoggingAspect [user:] - User=21110852@student.hcmute.edu.vn completed ChapterController.getChapterByRoomId
2025-12-12 08:49:12 [ws-task-scheduler-5] DEBUG o.s.m.s.b.SimpleBrokerMessageHandler [user:] - Processing SUBSCRIBE /group/57b2e14f-f466-4b15-ab46-ef4eca65fd43/private id=sub-2 session=xkm0yj2n
2025-12-12 08:49:12 [ws-task-scheduler-2] DEBUG o.s.m.s.b.SimpleBrokerMessageHandler [user:] - Processing SUBSCRIBE /group/86b2a924-1be3-4dc5-9b78-eb542d7ca409/private id=sub-1 session=xkm0yj2n
2025-12-12 08:49:17 [MessageBroker-5] DEBUG o.s.w.s.s.t.h.DefaultSockJsService [user:] - Closed 1 sessions: [4stu55l4]
2025-12-12 08:49:51 [http-nio-8181-exec-10] DEBUG com.nix.config.JwtValidator [user:] - User with email: tanlmht859a@gmail.com has role: ADMIN (from database)
2025-12-12 08:49:51 [http-nio-8181-exec-10] INFO  com.nix.config.LoggingAspect [user:] - User=tanlmht859a@gmail.com accessed ChapterController.publishChapter
2025-12-12 08:49:52 [http-nio-8181-exec-10] INFO  com.nix.config.LoggingAspect [user:] - User=tanlmht859a@gmail.com completed ChapterController.publishChapter
2025-12-12 08:49:53 [http-nio-8181-exec-3] DEBUG com.nix.config.JwtValidator [user:] - User with email: tanlmht859a@gmail.com has role: ADMIN (from database)
2025-12-12 08:49:53 [http-nio-8181-exec-3] INFO  com.nix.config.LoggingAspect [user:] - User=tanlmht859a@gmail.com accessed AuthorDashboardController.searchAuthorBooks
2025-12-12 08:49:53 [http-nio-8181-exec-3] INFO  com.nix.config.LoggingAspect [user:] - User=tanlmht859a@gmail.com completed AuthorDashboardController.searchAuthorBooks
2025-12-12 08:49:53 [http-nio-8181-exec-1] DEBUG com.nix.config.JwtValidator [user:] - User with email: tanlmht859a@gmail.com has role: ADMIN (from database)
2025-12-12 08:49:53 [http-nio-8181-exec-1] INFO  com.nix.config.LoggingAspect [user:] - User=tanlmht859a@gmail.com accessed AuthorDashboardController.searchAuthorBooks
2025-12-12 08:49:53 [http-nio-8181-exec-1] INFO  com.nix.config.LoggingAspect [user:] - User=tanlmht859a@gmail.com completed AuthorDashboardController.searchAuthorBooks
2025-12-12 08:49:53 [http-nio-8181-exec-4] DEBUG com.nix.config.JwtValidator [user:] - User with email: tanlmht859a@gmail.com has role: ADMIN (from database)
2025-12-12 08:49:53 [http-nio-8181-exec-4] INFO  com.nix.config.LoggingAspect [user:] - User=tanlmht859a@gmail.com accessed ChapterController.manageChaptersByBookId
2025-12-12 08:49:53 [http-nio-8181-exec-4] INFO  com.nix.config.LoggingAspect [user:] - User=tanlmht859a@gmail.com completed ChapterController.manageChaptersByBookId
2025-12-12 08:49:56 [http-nio-8181-exec-7] DEBUG o.s.w.s.h.LoggingWebSocketHandlerDecorator [user:] - WebSocketServerSockJsSession[id=xkm0yj2n] closed with CloseStatus[code=1000, reason=null]
2025-12-12 08:49:56 [http-nio-8181-exec-7] DEBUG o.s.w.s.m.SubProtocolWebSocketHandler [user:] - Clearing session xkm0yj2n
2025-12-12 08:49:56 [ws-task-scheduler-10] DEBUG o.s.m.s.b.SimpleBrokerMessageHandler [user:] - Processing DISCONNECT session=xkm0yj2n
2025-12-12 08:49:56 [ws-task-scheduler-8] DEBUG o.s.w.s.m.SubProtocolWebSocketHandler [user:] - No session for GenericMessage [payload=byte[0], headers={simpMessageType=DISCONNECT_ACK, simpDisconnectMessage=GenericMessage [payload=byte[0], headers={simpMessageType=DISCONNECT, stompCommand=DISCONNECT, simpSessionAttributes={org.springframework.messaging.simp.SimpAttributes.COMPLETED=true}, simpSessionId=xkm0yj2n}], simpSessionId=xkm0yj2n}]
2025-12-12 08:49:57 [http-nio-8181-exec-8] DEBUG com.nix.config.JwtValidator [user:] - User with email: 21110852@student.hcmute.edu.vn has role: USER (from database)
2025-12-12 08:49:57 [http-nio-8181-exec-6] DEBUG com.nix.config.JwtValidator [user:] - User with email: 21110852@student.hcmute.edu.vn has role: USER (from database)
2025-12-12 08:49:57 [http-nio-8181-exec-9] DEBUG com.nix.config.JwtValidator [user:] - User with email: 21110852@student.hcmute.edu.vn has role: USER (from database)
2025-12-12 08:49:57 [http-nio-8181-exec-10] DEBUG com.nix.config.JwtValidator [user:] - User with email: 21110852@student.hcmute.edu.vn has role: USER (from database)
2025-12-12 08:49:57 [http-nio-8181-exec-8] INFO  com.nix.config.LoggingAspect [user:] - User=21110852@student.hcmute.edu.vn accessed CategoryController.getAllCategories
2025-12-12 08:49:57 [http-nio-8181-exec-6] INFO  com.nix.config.LoggingAspect [user:] - User=21110852@student.hcmute.edu.vn accessed BookController.getLatestUpdateBooks
2025-12-12 08:49:57 [http-nio-8181-exec-5] DEBUG com.nix.config.JwtValidator [user:] - User with email: 21110852@student.hcmute.edu.vn has role: USER (from database)
2025-12-12 08:49:57 [http-nio-8181-exec-10] INFO  com.nix.config.LoggingAspect [user:] - User=21110852@student.hcmute.edu.vn accessed TagController.getAllTags
2025-12-12 08:49:57 [http-nio-8181-exec-9] INFO  com.nix.config.LoggingAspect [user:] - User=21110852@student.hcmute.edu.vn accessed BookController.getFeaturedBooks
2025-12-12 08:49:57 [http-nio-8181-exec-5] INFO  com.nix.config.LoggingAspect [user:] - User=21110852@student.hcmute.edu.vn accessed BookController.getTop10BooksByLikes
2025-12-12 08:49:57 [http-nio-8181-exec-2] DEBUG com.nix.config.JwtValidator [user:] - User with email: 21110852@student.hcmute.edu.vn has role: USER (from database)
2025-12-12 08:49:57 [http-nio-8181-exec-2] INFO  com.nix.config.LoggingAspect [user:] - User=21110852@student.hcmute.edu.vn accessed UserController.getUserFromToken
2025-12-12 08:49:57 [http-nio-8181-exec-10] INFO  com.nix.config.LoggingAspect [user:] - User=21110852@student.hcmute.edu.vn completed TagController.getAllTags
2025-12-12 08:49:57 [http-nio-8181-exec-6] INFO  com.nix.config.LoggingAspect [user:] - User=21110852@student.hcmute.edu.vn completed BookController.getLatestUpdateBooks
2025-12-12 08:49:57 [http-nio-8181-exec-8] INFO  com.nix.config.LoggingAspect [user:] - User=21110852@student.hcmute.edu.vn completed CategoryController.getAllCategories
2025-12-12 08:49:57 [http-nio-8181-exec-9] INFO  com.nix.config.LoggingAspect [user:] - User=21110852@student.hcmute.edu.vn completed BookController.getFeaturedBooks
2025-12-12 08:49:57 [http-nio-8181-exec-2] DEBUG com.nix.controller.UserController [user:] - Getting user profile from JWT token
2025-12-12 08:49:57 [http-nio-8181-exec-2] INFO  com.nix.config.LoggingAspect [user:] - User=21110852@student.hcmute.edu.vn completed UserController.getUserFromToken
2025-12-12 08:49:57 [http-nio-8181-exec-3] DEBUG com.nix.config.JwtValidator [user:] - User with email: 21110852@student.hcmute.edu.vn has role: USER (from database)
2025-12-12 08:49:57 [http-nio-8181-exec-3] INFO  com.nix.config.LoggingAspect [user:] - User=21110852@student.hcmute.edu.vn accessed UserController.getUserFromToken
2025-12-12 08:49:57 [http-nio-8181-exec-3] DEBUG com.nix.controller.UserController [user:] - Getting user profile from JWT token
2025-12-12 08:49:57 [http-nio-8181-exec-1] DEBUG com.nix.config.JwtValidator [user:] - User with email: 21110852@student.hcmute.edu.vn has role: USER (from database)
2025-12-12 08:49:57 [http-nio-8181-exec-1] INFO  com.nix.config.LoggingAspect [user:] - User=21110852@student.hcmute.edu.vn accessed ChatController.getUserChats
2025-12-12 08:49:57 [http-nio-8181-exec-3] INFO  com.nix.config.LoggingAspect [user:] - User=21110852@student.hcmute.edu.vn completed UserController.getUserFromToken
2025-12-12 08:49:57 [http-nio-8181-exec-1] DEBUG com.nix.controller.ChatController [user:] - Getting chats for user: test
2025-12-12 08:49:57 [http-nio-8181-exec-5] INFO  com.nix.config.LoggingAspect [user:] - User=21110852@student.hcmute.edu.vn completed BookController.getTop10BooksByLikes
2025-12-12 08:49:57 [http-nio-8181-exec-1] INFO  com.nix.config.LoggingAspect [user:] - User=21110852@student.hcmute.edu.vn completed ChatController.getUserChats
2025-12-12 08:49:57 [http-nio-8181-exec-4] DEBUG com.nix.config.JwtValidator [user:] - User with email: 21110852@student.hcmute.edu.vn has role: USER (from database)
2025-12-12 08:49:57 [http-nio-8181-exec-10] DEBUG com.nix.config.JwtValidator [user:] - User with email: 21110852@student.hcmute.edu.vn has role: USER (from database)
2025-12-12 08:49:57 [http-nio-8181-exec-6] DEBUG com.nix.config.JwtValidator [user:] - User with email: 21110852@student.hcmute.edu.vn has role: USER (from database)
2025-12-12 08:49:57 [http-nio-8181-exec-7] DEBUG com.nix.config.JwtValidator [user:] - User with email: 21110852@student.hcmute.edu.vn has role: USER (from database)
2025-12-12 08:49:57 [http-nio-8181-exec-4] INFO  com.nix.config.LoggingAspect [user:] - User=21110852@student.hcmute.edu.vn accessed ProgressController.getReadingProgressByUser
2025-12-12 08:49:57 [http-nio-8181-exec-6] INFO  com.nix.config.LoggingAspect [user:] - User=21110852@student.hcmute.edu.vn accessed BookController.getFeaturedBooks
2025-12-12 08:49:57 [http-nio-8181-exec-10] INFO  com.nix.config.LoggingAspect [user:] - User=21110852@student.hcmute.edu.vn accessed NotificationController.getUserNotifications
2025-12-12 08:49:57 [http-nio-8181-exec-7] INFO  com.nix.config.LoggingAspect [user:] - User=21110852@student.hcmute.edu.vn accessed ChatController.getUserChats
2025-12-12 08:49:57 [http-nio-8181-exec-8] DEBUG com.nix.config.JwtValidator [user:] - User with email: 21110852@student.hcmute.edu.vn has role: USER (from database)
2025-12-12 08:49:57 [http-nio-8181-exec-4] INFO  com.nix.config.LoggingAspect [user:] - User=21110852@student.hcmute.edu.vn completed ProgressController.getReadingProgressByUser
2025-12-12 08:49:57 [http-nio-8181-exec-8] INFO  com.nix.config.LoggingAspect [user:] - User=21110852@student.hcmute.edu.vn accessed BookController.getTop10BooksByLikes
2025-12-12 08:49:57 [http-nio-8181-exec-7] DEBUG com.nix.controller.ChatController [user:] - Getting chats for user: test
2025-12-12 08:49:57 [http-nio-8181-exec-6] INFO  com.nix.config.LoggingAspect [user:] - User=21110852@student.hcmute.edu.vn completed BookController.getFeaturedBooks
2025-12-12 08:49:57 [http-nio-8181-exec-7] INFO  com.nix.config.LoggingAspect [user:] - User=21110852@student.hcmute.edu.vn completed ChatController.getUserChats
2025-12-12 08:49:57 [http-nio-8181-exec-10] INFO  com.nix.config.LoggingAspect [user:] - User=21110852@student.hcmute.edu.vn completed NotificationController.getUserNotifications
2025-12-12 08:49:57 [http-nio-8181-exec-9] DEBUG com.nix.config.JwtValidator [user:] - User with email: 21110852@student.hcmute.edu.vn has role: USER (from database)
2025-12-12 08:49:57 [http-nio-8181-exec-9] INFO  com.nix.config.LoggingAspect [user:] - User=21110852@student.hcmute.edu.vn accessed ProgressController.getReadingProgressByUser
2025-12-12 08:49:57 [http-nio-8181-exec-9] INFO  com.nix.config.LoggingAspect [user:] - User=21110852@student.hcmute.edu.vn completed ProgressController.getReadingProgressByUser
2025-12-12 08:49:57 [http-nio-8181-exec-2] DEBUG com.nix.config.JwtValidator [user:] - User with email: 21110852@student.hcmute.edu.vn has role: USER (from database)
2025-12-12 08:49:57 [http-nio-8181-exec-3] DEBUG com.nix.config.JwtValidator [user:] - User with email: 21110852@student.hcmute.edu.vn has role: USER (from database)
2025-12-12 08:49:57 [http-nio-8181-exec-2] INFO  com.nix.config.LoggingAspect [user:] - User=21110852@student.hcmute.edu.vn accessed ChatController.getUserChats
2025-12-12 08:49:57 [http-nio-8181-exec-3] INFO  com.nix.config.LoggingAspect [user:] - User=21110852@student.hcmute.edu.vn accessed NotificationController.getUserNotifications
2025-12-12 08:49:57 [http-nio-8181-exec-2] DEBUG com.nix.controller.ChatController [user:] - Getting chats for user: test
2025-12-12 08:49:57 [http-nio-8181-exec-8] INFO  com.nix.config.LoggingAspect [user:] - User=21110852@student.hcmute.edu.vn completed BookController.getTop10BooksByLikes
2025-12-12 08:49:57 [http-nio-8181-exec-2] INFO  com.nix.config.LoggingAspect [user:] - User=21110852@student.hcmute.edu.vn completed ChatController.getUserChats
2025-12-12 08:49:57 [http-nio-8181-exec-5] DEBUG com.nix.config.JwtValidator [user:] - User with email: 21110852@student.hcmute.edu.vn has role: USER (from database)
2025-12-12 08:49:57 [http-nio-8181-exec-5] INFO  com.nix.config.LoggingAspect [user:] - User=21110852@student.hcmute.edu.vn accessed ProgressController.getReadingProgressByUser
2025-12-12 08:49:57 [http-nio-8181-exec-3] INFO  com.nix.config.LoggingAspect [user:] - User=21110852@student.hcmute.edu.vn completed NotificationController.getUserNotifications
2025-12-12 08:49:57 [http-nio-8181-exec-5] INFO  com.nix.config.LoggingAspect [user:] - User=21110852@student.hcmute.edu.vn completed ProgressController.getReadingProgressByUser
2025-12-12 08:49:58 [http-nio-8181-exec-2] DEBUG o.s.w.s.s.s.WebSocketHandlerMapping [user:] - Mapped to org.springframework.web.socket.sockjs.support.SockJsHttpRequestHandler@61885463
2025-12-12 08:49:58 [http-nio-8181-exec-2] DEBUG o.s.w.s.s.t.h.DefaultSockJsService [user:] - Processing transport request: GET http://localhost:8181/ws/info?t=1765504198242
2025-12-12 08:49:58 [http-nio-8181-exec-9] WARN  o.s.w.s.m.s.DefaultHandlerExceptionResolver [user:] - Resolved [org.springframework.web.context.request.async.AsyncRequestNotUsableException: ServletOutputStream failed to flush: java.io.IOException: An established connection was aborted by the software in your host machine]
2025-12-12 08:49:58 [http-nio-8181-exec-6] DEBUG o.s.w.s.s.s.WebSocketHandlerMapping [user:] - Mapped to org.springframework.web.socket.sockjs.support.SockJsHttpRequestHandler@61885463
2025-12-12 08:49:58 [http-nio-8181-exec-6] DEBUG o.s.w.s.s.t.h.DefaultSockJsService [user:] - Processing transport request: GET http://localhost:8181/ws/710/gttuueob/websocket
2025-12-12 08:49:58 [http-nio-8181-exec-6] DEBUG o.s.w.s.h.LoggingWebSocketHandlerDecorator [user:] - New WebSocketServerSockJsSession[id=gttuueob]
2025-12-12 08:49:58 [ws-task-scheduler-7] DEBUG o.s.m.s.b.SimpleBrokerMessageHandler [user:] - Processing CONNECT session=gttuueob
2025-12-12 08:49:58 [ws-task-scheduler-10] DEBUG o.s.m.s.b.SimpleBrokerMessageHandler [user:] - Processing SUBSCRIBE /user/test/notifications id=sub-0 session=gttuueob
2025-12-12 08:49:59 [ws-task-scheduler-9] DEBUG o.s.m.s.b.SimpleBrokerMessageHandler [user:] - Processing SUBSCRIBE /group/86b2a924-1be3-4dc5-9b78-eb542d7ca409/private id=sub-1 session=gttuueob
2025-12-12 08:49:59 [ws-task-scheduler-7] DEBUG o.s.m.s.b.SimpleBrokerMessageHandler [user:] - Processing SUBSCRIBE /group/57b2e14f-f466-4b15-ab46-ef4eca65fd43/private id=sub-2 session=gttuueob
2025-12-12 08:49:59 [http-nio-8181-exec-2] DEBUG o.s.w.s.h.LoggingWebSocketHandlerDecorator [user:] - WebSocketServerSockJsSession[id=gttuueob] closed with CloseStatus[code=1000, reason=null]
2025-12-12 08:49:59 [http-nio-8181-exec-2] DEBUG o.s.w.s.m.SubProtocolWebSocketHandler [user:] - Clearing session gttuueob
2025-12-12 08:49:59 [ws-task-scheduler-10] DEBUG o.s.m.s.b.SimpleBrokerMessageHandler [user:] - Processing DISCONNECT session=gttuueob
2025-12-12 08:49:59 [ws-task-scheduler-10] DEBUG o.s.w.s.m.SubProtocolWebSocketHandler [user:] - No session for GenericMessage [payload=byte[0], headers={simpMessageType=DISCONNECT_ACK, simpDisconnectMessage=GenericMessage [payload=byte[0], headers={simpMessageType=DISCONNECT, stompCommand=DISCONNECT, simpSessionAttributes={org.springframework.messaging.simp.SimpAttributes.COMPLETED=true}, simpSessionId=gttuueob}], simpSessionId=gttuueob}]
2025-12-12 08:50:02 [MessageBroker-3] DEBUG o.s.w.s.s.t.h.DefaultSockJsService [user:] - Closed 1 sessions: [xkm0yj2n]
2025-12-12 08:50:07 [MessageBroker-3] DEBUG o.s.w.s.s.t.h.DefaultSockJsService [user:] - Closed 1 sessions: [gttuueob]
2025-12-12 08:50:10 [http-nio-8181-exec-3] DEBUG com.nix.config.JwtValidator [user:] - User with email: tanlmht859a@gmail.com has role: ADMIN (from database)
2025-12-12 08:50:10 [http-nio-8181-exec-8] DEBUG com.nix.config.JwtValidator [user:] - User with email: tanlmht859a@gmail.com has role: ADMIN (from database)
2025-12-12 08:50:10 [http-nio-8181-exec-3] INFO  com.nix.config.LoggingAspect [user:] - User=tanlmht859a@gmail.com accessed ChatController.getUserChats
2025-12-12 08:50:10 [http-nio-8181-exec-9] DEBUG com.nix.config.JwtValidator [user:] - User with email: tanlmht859a@gmail.com has role: ADMIN (from database)
2025-12-12 08:50:10 [http-nio-8181-exec-8] INFO  com.nix.config.LoggingAspect [user:] - User=tanlmht859a@gmail.com accessed BookController.getFeaturedBooks
2025-12-12 08:50:10 [http-nio-8181-exec-9] INFO  com.nix.config.LoggingAspect [user:] - User=tanlmht859a@gmail.com accessed NotificationController.getUserNotifications
2025-12-12 08:50:10 [http-nio-8181-exec-3] DEBUG com.nix.controller.ChatController [user:] - Getting chats for user: Admin
2025-12-12 08:50:10 [http-nio-8181-exec-8] INFO  com.nix.config.LoggingAspect [user:] - User=tanlmht859a@gmail.com completed BookController.getFeaturedBooks
2025-12-12 08:50:10 [http-nio-8181-exec-3] INFO  com.nix.config.LoggingAspect [user:] - User=tanlmht859a@gmail.com completed ChatController.getUserChats
2025-12-12 08:50:10 [http-nio-8181-exec-9] INFO  com.nix.config.LoggingAspect [user:] - User=tanlmht859a@gmail.com completed NotificationController.getUserNotifications
2025-12-12 08:50:10 [http-nio-8181-exec-7] DEBUG com.nix.config.JwtValidator [user:] - User with email: tanlmht859a@gmail.com has role: ADMIN (from database)
2025-12-12 08:50:10 [http-nio-8181-exec-7] INFO  com.nix.config.LoggingAspect [user:] - User=tanlmht859a@gmail.com accessed ChatController.getUserChats
2025-12-12 08:50:10 [http-nio-8181-exec-7] DEBUG com.nix.controller.ChatController [user:] - Getting chats for user: Admin
2025-12-12 08:50:10 [http-nio-8181-exec-10] DEBUG com.nix.config.JwtValidator [user:] - User with email: tanlmht859a@gmail.com has role: ADMIN (from database)
2025-12-12 08:50:10 [http-nio-8181-exec-10] INFO  com.nix.config.LoggingAspect [user:] - User=tanlmht859a@gmail.com accessed NotificationController.getUserNotifications
2025-12-12 08:50:10 [http-nio-8181-exec-7] INFO  com.nix.config.LoggingAspect [user:] - User=tanlmht859a@gmail.com completed ChatController.getUserChats
2025-12-12 08:50:10 [http-nio-8181-exec-10] INFO  com.nix.config.LoggingAspect [user:] - User=tanlmht859a@gmail.com completed NotificationController.getUserNotifications
2025-12-12 08:50:31 [SpringApplicationShutdownHook] DEBUG o.s.m.s.ExecutorSubscribableChannel [user:] - clientOutboundChannel removed SubProtocolWebSocketHandler[StompSubProtocolHandler[v10.stomp, v11.stomp, v12.stomp]]
2025-12-12 08:50:31 [SpringApplicationShutdownHook] DEBUG o.s.m.s.ExecutorSubscribableChannel [user:] - clientInboundChannel removed WebSocketAnnotationMethodMessageHandler[prefixes=[/app/]]
2025-12-12 08:50:31 [SpringApplicationShutdownHook] INFO  o.s.m.s.b.SimpleBrokerMessageHandler [user:] - Stopping...
2025-12-12 08:50:31 [SpringApplicationShutdownHook] INFO  o.s.m.s.b.SimpleBrokerMessageHandler [user:] - BrokerAvailabilityEvent[available=false, SimpleBrokerMessageHandler [org.springframework.messaging.simp.broker.DefaultSubscriptionRegistry@8ab108c]]
2025-12-12 08:50:31 [SpringApplicationShutdownHook] DEBUG o.s.m.s.ExecutorSubscribableChannel [user:] - clientInboundChannel removed SimpleBrokerMessageHandler [org.springframework.messaging.simp.broker.DefaultSubscriptionRegistry@8ab108c]
2025-12-12 08:50:31 [SpringApplicationShutdownHook] DEBUG o.s.m.s.ExecutorSubscribableChannel [user:] - brokerChannel removed SimpleBrokerMessageHandler [org.springframework.messaging.simp.broker.DefaultSubscriptionRegistry@8ab108c]
2025-12-12 08:50:31 [SpringApplicationShutdownHook] INFO  o.s.m.s.b.SimpleBrokerMessageHandler [user:] - Stopped.
2025-12-12 08:50:31 [SpringApplicationShutdownHook] DEBUG o.s.m.s.ExecutorSubscribableChannel [user:] - clientInboundChannel removed UserDestinationMessageHandler[DefaultUserDestinationResolver[prefix=/user/]]
2025-12-12 08:50:31 [SpringApplicationShutdownHook] DEBUG o.s.m.s.ExecutorSubscribableChannel [user:] - brokerChannel removed UserDestinationMessageHandler[DefaultUserDestinationResolver[prefix=/user/]]
2025-12-12 08:50:32 [SpringApplicationShutdownHook] INFO  o.s.o.j.LocalContainerEntityManagerFactoryBean [user:] - Closing JPA EntityManagerFactory for persistence unit 'default'
2025-12-12 08:50:32 [SpringApplicationShutdownHook] INFO  com.zaxxer.hikari.HikariDataSource [user:] - HikariPool-2 - Shutdown initiated...
2025-12-12 08:50:32 [SpringApplicationShutdownHook] INFO  com.zaxxer.hikari.HikariDataSource [user:] - HikariPool-2 - Shutdown completed.
